The system is: Linux - 2.6.32-754.el6.x86_64 - x86_64
Compiling the C compiler identification source file "CMakeCCompilerId.c" succeeded.
Compiler: /afs/cern.ch/sw/lcg/external/gcc/4.9/x86_64-slc6/bin/gcc 
Build flags: 
Id flags: 

The output was:
0


Compilation of the C compiler identification source "CMakeCCompilerId.c" produced "a.out"

The C compiler identification is GNU, found in "/afs/cern.ch/work/e/eshmanin/FibresCalo/FibresCalo/CMakeFiles/3.3.2/CompilerIdC/a.out"

Compiling the CXX compiler identification source file "CMakeCXXCompilerId.cpp" succeeded.
Compiler: /afs/cern.ch/sw/lcg/external/gcc/4.9/x86_64-slc6/bin/g++ 
Build flags: 
Id flags: 

The output was:
0


Compilation of the CXX compiler identification source "CMakeCXXCompilerId.cpp" produced "a.out"

The CXX compiler identification is GNU, found in "/afs/cern.ch/work/e/eshmanin/FibresCalo/FibresCalo/CMakeFiles/3.3.2/CompilerIdCXX/a.out"

Determining if the C compiler works passed with the following output:
Change Dir: /afs/cern.ch/work/e/eshmanin/FibresCalo/FibresCalo/CMakeFiles/CMakeTmp

Run Build Command:"/usr/bin/gmake" "cmTC_de04f/fast"
/usr/bin/gmake -f CMakeFiles/cmTC_de04f.dir/build.make CMakeFiles/cmTC_de04f.dir/build
gmake[1]: Entering directory `/afs/cern.ch/work/e/eshmanin/FibresCalo/FibresCalo/CMakeFiles/CMakeTmp'
Building C object CMakeFiles/cmTC_de04f.dir/testCCompiler.c.o
/afs/cern.ch/sw/lcg/external/gcc/4.9/x86_64-slc6/bin/gcc    -o CMakeFiles/cmTC_de04f.dir/testCCompiler.c.o   -c /afs/cern.ch/work/e/eshmanin/FibresCalo/FibresCalo/CMakeFiles/CMakeTmp/testCCompiler.c
Linking C executable cmTC_de04f
/cvmfs/lhcb.cern.ch/lib/contrib/CMake/3.3.2/Linux-x86_64/bin/cmake -E cmake_link_script CMakeFiles/cmTC_de04f.dir/link.txt --verbose=1
/afs/cern.ch/sw/lcg/external/gcc/4.9/x86_64-slc6/bin/gcc       CMakeFiles/cmTC_de04f.dir/testCCompiler.c.o  -o cmTC_de04f -rdynamic 
gmake[1]: Leaving directory `/afs/cern.ch/work/e/eshmanin/FibresCalo/FibresCalo/CMakeFiles/CMakeTmp'


Detecting C compiler ABI info compiled with the following output:
Change Dir: /afs/cern.ch/work/e/eshmanin/FibresCalo/FibresCalo/CMakeFiles/CMakeTmp

Run Build Command:"/usr/bin/gmake" "cmTC_b0c4b/fast"
/usr/bin/gmake -f CMakeFiles/cmTC_b0c4b.dir/build.make CMakeFiles/cmTC_b0c4b.dir/build
gmake[1]: Entering directory `/afs/cern.ch/work/e/eshmanin/FibresCalo/FibresCalo/CMakeFiles/CMakeTmp'
Building C object CMakeFiles/cmTC_b0c4b.dir/CMakeCCompilerABI.c.o
/afs/cern.ch/sw/lcg/external/gcc/4.9/x86_64-slc6/bin/gcc    -o CMakeFiles/cmTC_b0c4b.dir/CMakeCCompilerABI.c.o   -c /cvmfs/lhcb.cern.ch/lib/contrib/CMake/3.3.2/Linux-x86_64/share/cmake-3.3/Modules/CMakeCCompilerABI.c
Linking C executable cmTC_b0c4b
/cvmfs/lhcb.cern.ch/lib/contrib/CMake/3.3.2/Linux-x86_64/bin/cmake -E cmake_link_script CMakeFiles/cmTC_b0c4b.dir/link.txt --verbose=1
/afs/cern.ch/sw/lcg/external/gcc/4.9/x86_64-slc6/bin/gcc      -v CMakeFiles/cmTC_b0c4b.dir/CMakeCCompilerABI.c.o  -o cmTC_b0c4b -rdynamic  
Using built-in specs.
COLLECT_GCC=/afs/cern.ch/sw/lcg/external/gcc/4.9/x86_64-slc6/bin/gcc
COLLECT_LTO_WRAPPER=/afs/cern.ch/sw/lcg/contrib/gcc/4.9.3/x86_64-slc6/bin/../libexec/gcc/x86_64-unknown-linux-gnu/4.9.3/lto-wrapper
Target: x86_64-unknown-linux-gnu
Configured with: ../gcc-4.9.3/configure --prefix=/build/pmendez-sftnight/install-493/ --with-system-zlib --disable-multilib --enable-languages=all
Thread model: posix
gcc version 4.9.3 (GCC) 
COMPILER_PATH=/afs/cern.ch/sw/lcg/contrib/gcc/4.9.3/x86_64-slc6/bin/../libexec/gcc/x86_64-unknown-linux-gnu/4.9.3/:/afs/cern.ch/sw/lcg/contrib/gcc/4.9.3/x86_64-slc6/bin/../libexec/gcc/:/afs/cern.ch/sw/lcg/external/gcc/4.9/x86_64-slc6/lib/gcc/x86_64-unknown-linux-gnu/4.9.3/
LIBRARY_PATH=/afs/cern.ch/sw/lcg/contrib/gcc/4.9.3/x86_64-slc6/bin/../lib/gcc/x86_64-unknown-linux-gnu/4.9.3/:/afs/cern.ch/sw/lcg/contrib/gcc/4.9.3/x86_64-slc6/bin/../lib/gcc/:/afs/cern.ch/sw/lcg/contrib/gcc/4.9.3/x86_64-slc6/bin/../lib/gcc/x86_64-unknown-linux-gnu/4.9.3/../../../../lib64/:/lib/../lib64/:/usr/lib/../lib64/:/afs/cern.ch/sw/lcg/contrib/gcc/4.9.3/x86_64-slc6/bin/../lib/gcc/x86_64-unknown-linux-gnu/4.9.3/../../../:/lib/:/usr/lib/
COLLECT_GCC_OPTIONS='-v' '-o' 'cmTC_b0c4b' '-rdynamic' '-mtune=generic' '-march=x86-64'
 /afs/cern.ch/sw/lcg/contrib/gcc/4.9.3/x86_64-slc6/bin/../libexec/gcc/x86_64-unknown-linux-gnu/4.9.3/collect2 --eh-frame-hdr -m elf_x86_64 -export-dynamic -dynamic-linker /lib64/ld-linux-x86-64.so.2 -o cmTC_b0c4b /usr/lib/../lib64/crt1.o /usr/lib/../lib64/crti.o /afs/cern.ch/sw/lcg/contrib/gcc/4.9.3/x86_64-slc6/bin/../lib/gcc/x86_64-unknown-linux-gnu/4.9.3/crtbegin.o -L/afs/cern.ch/sw/lcg/contrib/gcc/4.9.3/x86_64-slc6/bin/../lib/gcc/x86_64-unknown-linux-gnu/4.9.3 -L/afs/cern.ch/sw/lcg/contrib/gcc/4.9.3/x86_64-slc6/bin/../lib/gcc -L/afs/cern.ch/sw/lcg/contrib/gcc/4.9.3/x86_64-slc6/bin/../lib/gcc/x86_64-unknown-linux-gnu/4.9.3/../../../../lib64 -L/lib/../lib64 -L/usr/lib/../lib64 -L/afs/cern.ch/sw/lcg/contrib/gcc/4.9.3/x86_64-slc6/bin/../lib/gcc/x86_64-unknown-linux-gnu/4.9.3/../../.. CMakeFiles/cmTC_b0c4b.dir/CMakeCCompilerABI.c.o -lgcc --as-needed -lgcc_s --no-as-needed -lc -lgcc --as-needed -lgcc_s --no-as-needed /afs/cern.ch/sw/lcg/contrib/gcc/4.9.3/x86_64-slc6/bin/../lib/gcc/x86_64-unknown-linux-gnu/4.9.3/crtend.o /usr/lib/../lib64/crtn.o
gmake[1]: Leaving directory `/afs/cern.ch/work/e/eshmanin/FibresCalo/FibresCalo/CMakeFiles/CMakeTmp'


Parsed C implicit link information from above output:
  link line regex: [^( *|.*[/\])(ld|([^/\]+-)?ld|collect2)[^/\]*( |$)]
  ignore line: [Change Dir: /afs/cern.ch/work/e/eshmanin/FibresCalo/FibresCalo/CMakeFiles/CMakeTmp]
  ignore line: []
  ignore line: [Run Build Command:"/usr/bin/gmake" "cmTC_b0c4b/fast"]
  ignore line: [/usr/bin/gmake -f CMakeFiles/cmTC_b0c4b.dir/build.make CMakeFiles/cmTC_b0c4b.dir/build]
  ignore line: [gmake[1]: Entering directory `/afs/cern.ch/work/e/eshmanin/FibresCalo/FibresCalo/CMakeFiles/CMakeTmp']
  ignore line: [Building C object CMakeFiles/cmTC_b0c4b.dir/CMakeCCompilerABI.c.o]
  ignore line: [/afs/cern.ch/sw/lcg/external/gcc/4.9/x86_64-slc6/bin/gcc    -o CMakeFiles/cmTC_b0c4b.dir/CMakeCCompilerABI.c.o   -c /cvmfs/lhcb.cern.ch/lib/contrib/CMake/3.3.2/Linux-x86_64/share/cmake-3.3/Modules/CMakeCCompilerABI.c]
  ignore line: [Linking C executable cmTC_b0c4b]
  ignore line: [/cvmfs/lhcb.cern.ch/lib/contrib/CMake/3.3.2/Linux-x86_64/bin/cmake -E cmake_link_script CMakeFiles/cmTC_b0c4b.dir/link.txt --verbose=1]
  ignore line: [/afs/cern.ch/sw/lcg/external/gcc/4.9/x86_64-slc6/bin/gcc      -v CMakeFiles/cmTC_b0c4b.dir/CMakeCCompilerABI.c.o  -o cmTC_b0c4b -rdynamic  ]
  ignore line: [Using built-in specs.]
  ignore line: [COLLECT_GCC=/afs/cern.ch/sw/lcg/external/gcc/4.9/x86_64-slc6/bin/gcc]
  ignore line: [COLLECT_LTO_WRAPPER=/afs/cern.ch/sw/lcg/contrib/gcc/4.9.3/x86_64-slc6/bin/../libexec/gcc/x86_64-unknown-linux-gnu/4.9.3/lto-wrapper]
  ignore line: [Target: x86_64-unknown-linux-gnu]
  ignore line: [Configured with: ../gcc-4.9.3/configure --prefix=/build/pmendez-sftnight/install-493/ --with-system-zlib --disable-multilib --enable-languages=all]
  ignore line: [Thread model: posix]
  ignore line: [gcc version 4.9.3 (GCC) ]
  ignore line: [COMPILER_PATH=/afs/cern.ch/sw/lcg/contrib/gcc/4.9.3/x86_64-slc6/bin/../libexec/gcc/x86_64-unknown-linux-gnu/4.9.3/:/afs/cern.ch/sw/lcg/contrib/gcc/4.9.3/x86_64-slc6/bin/../libexec/gcc/:/afs/cern.ch/sw/lcg/external/gcc/4.9/x86_64-slc6/lib/gcc/x86_64-unknown-linux-gnu/4.9.3/]
  ignore line: [LIBRARY_PATH=/afs/cern.ch/sw/lcg/contrib/gcc/4.9.3/x86_64-slc6/bin/../lib/gcc/x86_64-unknown-linux-gnu/4.9.3/:/afs/cern.ch/sw/lcg/contrib/gcc/4.9.3/x86_64-slc6/bin/../lib/gcc/:/afs/cern.ch/sw/lcg/contrib/gcc/4.9.3/x86_64-slc6/bin/../lib/gcc/x86_64-unknown-linux-gnu/4.9.3/../../../../lib64/:/lib/../lib64/:/usr/lib/../lib64/:/afs/cern.ch/sw/lcg/contrib/gcc/4.9.3/x86_64-slc6/bin/../lib/gcc/x86_64-unknown-linux-gnu/4.9.3/../../../:/lib/:/usr/lib/]
  ignore line: [COLLECT_GCC_OPTIONS='-v' '-o' 'cmTC_b0c4b' '-rdynamic' '-mtune=generic' '-march=x86-64']
  link line: [ /afs/cern.ch/sw/lcg/contrib/gcc/4.9.3/x86_64-slc6/bin/../libexec/gcc/x86_64-unknown-linux-gnu/4.9.3/collect2 --eh-frame-hdr -m elf_x86_64 -export-dynamic -dynamic-linker /lib64/ld-linux-x86-64.so.2 -o cmTC_b0c4b /usr/lib/../lib64/crt1.o /usr/lib/../lib64/crti.o /afs/cern.ch/sw/lcg/contrib/gcc/4.9.3/x86_64-slc6/bin/../lib/gcc/x86_64-unknown-linux-gnu/4.9.3/crtbegin.o -L/afs/cern.ch/sw/lcg/contrib/gcc/4.9.3/x86_64-slc6/bin/../lib/gcc/x86_64-unknown-linux-gnu/4.9.3 -L/afs/cern.ch/sw/lcg/contrib/gcc/4.9.3/x86_64-slc6/bin/../lib/gcc -L/afs/cern.ch/sw/lcg/contrib/gcc/4.9.3/x86_64-slc6/bin/../lib/gcc/x86_64-unknown-linux-gnu/4.9.3/../../../../lib64 -L/lib/../lib64 -L/usr/lib/../lib64 -L/afs/cern.ch/sw/lcg/contrib/gcc/4.9.3/x86_64-slc6/bin/../lib/gcc/x86_64-unknown-linux-gnu/4.9.3/../../.. CMakeFiles/cmTC_b0c4b.dir/CMakeCCompilerABI.c.o -lgcc --as-needed -lgcc_s --no-as-needed -lc -lgcc --as-needed -lgcc_s --no-as-needed /afs/cern.ch/sw/lcg/contrib/gcc/4.9.3/x86_64-slc6/bin/../lib/gcc/x86_64-unknown-linux-gnu/4.9.3/crtend.o /usr/lib/../lib64/crtn.o]
    arg [/afs/cern.ch/sw/lcg/contrib/gcc/4.9.3/x86_64-slc6/bin/../libexec/gcc/x86_64-unknown-linux-gnu/4.9.3/collect2] ==> ignore
    arg [--eh-frame-hdr] ==> ignore
    arg [-m] ==> ignore
    arg [elf_x86_64] ==> ignore
    arg [-export-dynamic] ==> ignore
    arg [-dynamic-linker] ==> ignore
    arg [/lib64/ld-linux-x86-64.so.2] ==> ignore
    arg [-o] ==> ignore
    arg [cmTC_b0c4b] ==> ignore
    arg [/usr/lib/../lib64/crt1.o] ==> ignore
    arg [/usr/lib/../lib64/crti.o] ==> ignore
    arg [/afs/cern.ch/sw/lcg/contrib/gcc/4.9.3/x86_64-slc6/bin/../lib/gcc/x86_64-unknown-linux-gnu/4.9.3/crtbegin.o] ==> ignore
    arg [-L/afs/cern.ch/sw/lcg/contrib/gcc/4.9.3/x86_64-slc6/bin/../lib/gcc/x86_64-unknown-linux-gnu/4.9.3] ==> dir [/afs/cern.ch/sw/lcg/contrib/gcc/4.9.3/x86_64-slc6/bin/../lib/gcc/x86_64-unknown-linux-gnu/4.9.3]
    arg [-L/afs/cern.ch/sw/lcg/contrib/gcc/4.9.3/x86_64-slc6/bin/../lib/gcc] ==> dir [/afs/cern.ch/sw/lcg/contrib/gcc/4.9.3/x86_64-slc6/bin/../lib/gcc]
    arg [-L/afs/cern.ch/sw/lcg/contrib/gcc/4.9.3/x86_64-slc6/bin/../lib/gcc/x86_64-unknown-linux-gnu/4.9.3/../../../../lib64] ==> dir [/afs/cern.ch/sw/lcg/contrib/gcc/4.9.3/x86_64-slc6/bin/../lib/gcc/x86_64-unknown-linux-gnu/4.9.3/../../../../lib64]
    arg [-L/lib/../lib64] ==> dir [/lib/../lib64]
    arg [-L/usr/lib/../lib64] ==> dir [/usr/lib/../lib64]
    arg [-L/afs/cern.ch/sw/lcg/contrib/gcc/4.9.3/x86_64-slc6/bin/../lib/gcc/x86_64-unknown-linux-gnu/4.9.3/../../..] ==> dir [/afs/cern.ch/sw/lcg/contrib/gcc/4.9.3/x86_64-slc6/bin/../lib/gcc/x86_64-unknown-linux-gnu/4.9.3/../../..]
    arg [CMakeFiles/cmTC_b0c4b.dir/CMakeCCompilerABI.c.o] ==> ignore
    arg [-lgcc] ==> lib [gcc]
    arg [--as-needed] ==> ignore
    arg [-lgcc_s] ==> lib [gcc_s]
    arg [--no-as-needed] ==> ignore
    arg [-lc] ==> lib [c]
    arg [-lgcc] ==> lib [gcc]
    arg [--as-needed] ==> ignore
    arg [-lgcc_s] ==> lib [gcc_s]
    arg [--no-as-needed] ==> ignore
    arg [/afs/cern.ch/sw/lcg/contrib/gcc/4.9.3/x86_64-slc6/bin/../lib/gcc/x86_64-unknown-linux-gnu/4.9.3/crtend.o] ==> ignore
    arg [/usr/lib/../lib64/crtn.o] ==> ignore
  remove lib [gcc]
  remove lib [gcc_s]
  remove lib [gcc]
  remove lib [gcc_s]
  collapse library dir [/afs/cern.ch/sw/lcg/contrib/gcc/4.9.3/x86_64-slc6/bin/../lib/gcc/x86_64-unknown-linux-gnu/4.9.3] ==> [/afs/cern.ch/sw/lcg/contrib/gcc/4.9.3/x86_64-slc6/lib/gcc/x86_64-unknown-linux-gnu/4.9.3]
  collapse library dir [/afs/cern.ch/sw/lcg/contrib/gcc/4.9.3/x86_64-slc6/bin/../lib/gcc] ==> [/afs/cern.ch/sw/lcg/contrib/gcc/4.9.3/x86_64-slc6/lib/gcc]
  collapse library dir [/afs/cern.ch/sw/lcg/contrib/gcc/4.9.3/x86_64-slc6/bin/../lib/gcc/x86_64-unknown-linux-gnu/4.9.3/../../../../lib64] ==> [/afs/cern.ch/sw/lcg/contrib/gcc/4.9.3/x86_64-slc6/lib64]
  collapse library dir [/lib/../lib64] ==> [/lib64]
  collapse library dir [/usr/lib/../lib64] ==> [/usr/lib64]
  collapse library dir [/afs/cern.ch/sw/lcg/contrib/gcc/4.9.3/x86_64-slc6/bin/../lib/gcc/x86_64-unknown-linux-gnu/4.9.3/../../..] ==> [/afs/cern.ch/sw/lcg/contrib/gcc/4.9.3/x86_64-slc6/lib]
  implicit libs: [c]
  implicit dirs: [/afs/cern.ch/sw/lcg/contrib/gcc/4.9.3/x86_64-slc6/lib/gcc/x86_64-unknown-linux-gnu/4.9.3;/afs/cern.ch/sw/lcg/contrib/gcc/4.9.3/x86_64-slc6/lib/gcc;/afs/cern.ch/sw/lcg/contrib/gcc/4.9.3/x86_64-slc6/lib64;/lib64;/usr/lib64;/afs/cern.ch/sw/lcg/contrib/gcc/4.9.3/x86_64-slc6/lib]
  implicit fwks: []




Detecting C [-std=c11] compiler features compiled with the following output:
Change Dir: /afs/cern.ch/work/e/eshmanin/FibresCalo/FibresCalo/CMakeFiles/CMakeTmp

Run Build Command:"/usr/bin/gmake" "cmTC_6de0d/fast"
/usr/bin/gmake -f CMakeFiles/cmTC_6de0d.dir/build.make CMakeFiles/cmTC_6de0d.dir/build
gmake[1]: Entering directory `/afs/cern.ch/work/e/eshmanin/FibresCalo/FibresCalo/CMakeFiles/CMakeTmp'
Building C object CMakeFiles/cmTC_6de0d.dir/feature_tests.c.o
/afs/cern.ch/sw/lcg/external/gcc/4.9/x86_64-slc6/bin/gcc   -std=c11 -o CMakeFiles/cmTC_6de0d.dir/feature_tests.c.o   -c /afs/cern.ch/work/e/eshmanin/FibresCalo/FibresCalo/CMakeFiles/feature_tests.c
Linking C executable cmTC_6de0d
/cvmfs/lhcb.cern.ch/lib/contrib/CMake/3.3.2/Linux-x86_64/bin/cmake -E cmake_link_script CMakeFiles/cmTC_6de0d.dir/link.txt --verbose=1
/afs/cern.ch/sw/lcg/external/gcc/4.9/x86_64-slc6/bin/gcc       CMakeFiles/cmTC_6de0d.dir/feature_tests.c.o  -o cmTC_6de0d -rdynamic 
gmake[1]: Leaving directory `/afs/cern.ch/work/e/eshmanin/FibresCalo/FibresCalo/CMakeFiles/CMakeTmp'


    Feature record: C_FEATURE:1c_function_prototypes
    Feature record: C_FEATURE:1c_restrict
    Feature record: C_FEATURE:1c_static_assert
    Feature record: C_FEATURE:1c_variadic_macros


Detecting C [-std=c99] compiler features compiled with the following output:
Change Dir: /afs/cern.ch/work/e/eshmanin/FibresCalo/FibresCalo/CMakeFiles/CMakeTmp

Run Build Command:"/usr/bin/gmake" "cmTC_8be1f/fast"
/usr/bin/gmake -f CMakeFiles/cmTC_8be1f.dir/build.make CMakeFiles/cmTC_8be1f.dir/build
gmake[1]: Entering directory `/afs/cern.ch/work/e/eshmanin/FibresCalo/FibresCalo/CMakeFiles/CMakeTmp'
Building C object CMakeFiles/cmTC_8be1f.dir/feature_tests.c.o
/afs/cern.ch/sw/lcg/external/gcc/4.9/x86_64-slc6/bin/gcc   -std=c99 -o CMakeFiles/cmTC_8be1f.dir/feature_tests.c.o   -c /afs/cern.ch/work/e/eshmanin/FibresCalo/FibresCalo/CMakeFiles/feature_tests.c
Linking C executable cmTC_8be1f
/cvmfs/lhcb.cern.ch/lib/contrib/CMake/3.3.2/Linux-x86_64/bin/cmake -E cmake_link_script CMakeFiles/cmTC_8be1f.dir/link.txt --verbose=1
/afs/cern.ch/sw/lcg/external/gcc/4.9/x86_64-slc6/bin/gcc       CMakeFiles/cmTC_8be1f.dir/feature_tests.c.o  -o cmTC_8be1f -rdynamic 
gmake[1]: Leaving directory `/afs/cern.ch/work/e/eshmanin/FibresCalo/FibresCalo/CMakeFiles/CMakeTmp'


    Feature record: C_FEATURE:1c_function_prototypes
    Feature record: C_FEATURE:1c_restrict
    Feature record: C_FEATURE:0c_static_assert
    Feature record: C_FEATURE:1c_variadic_macros


Detecting C [-std=c90] compiler features compiled with the following output:
Change Dir: /afs/cern.ch/work/e/eshmanin/FibresCalo/FibresCalo/CMakeFiles/CMakeTmp

Run Build Command:"/usr/bin/gmake" "cmTC_ad7b5/fast"
/usr/bin/gmake -f CMakeFiles/cmTC_ad7b5.dir/build.make CMakeFiles/cmTC_ad7b5.dir/build
gmake[1]: Entering directory `/afs/cern.ch/work/e/eshmanin/FibresCalo/FibresCalo/CMakeFiles/CMakeTmp'
Building C object CMakeFiles/cmTC_ad7b5.dir/feature_tests.c.o
/afs/cern.ch/sw/lcg/external/gcc/4.9/x86_64-slc6/bin/gcc   -std=c90 -o CMakeFiles/cmTC_ad7b5.dir/feature_tests.c.o   -c /afs/cern.ch/work/e/eshmanin/FibresCalo/FibresCalo/CMakeFiles/feature_tests.c
Linking C executable cmTC_ad7b5
/cvmfs/lhcb.cern.ch/lib/contrib/CMake/3.3.2/Linux-x86_64/bin/cmake -E cmake_link_script CMakeFiles/cmTC_ad7b5.dir/link.txt --verbose=1
/afs/cern.ch/sw/lcg/external/gcc/4.9/x86_64-slc6/bin/gcc       CMakeFiles/cmTC_ad7b5.dir/feature_tests.c.o  -o cmTC_ad7b5 -rdynamic 
gmake[1]: Leaving directory `/afs/cern.ch/work/e/eshmanin/FibresCalo/FibresCalo/CMakeFiles/CMakeTmp'


    Feature record: C_FEATURE:1c_function_prototypes
    Feature record: C_FEATURE:0c_restrict
    Feature record: C_FEATURE:0c_static_assert
    Feature record: C_FEATURE:0c_variadic_macros
Determining if the CXX compiler works passed with the following output:
Change Dir: /afs/cern.ch/work/e/eshmanin/FibresCalo/FibresCalo/CMakeFiles/CMakeTmp

Run Build Command:"/usr/bin/gmake" "cmTC_66243/fast"
/usr/bin/gmake -f CMakeFiles/cmTC_66243.dir/build.make CMakeFiles/cmTC_66243.dir/build
gmake[1]: Entering directory `/afs/cern.ch/work/e/eshmanin/FibresCalo/FibresCalo/CMakeFiles/CMakeTmp'
Building CXX object CMakeFiles/cmTC_66243.dir/testCXXCompiler.cxx.o
/afs/cern.ch/sw/lcg/external/gcc/4.9/x86_64-slc6/bin/g++     -o CMakeFiles/cmTC_66243.dir/testCXXCompiler.cxx.o -c /afs/cern.ch/work/e/eshmanin/FibresCalo/FibresCalo/CMakeFiles/CMakeTmp/testCXXCompiler.cxx
Linking CXX executable cmTC_66243
/cvmfs/lhcb.cern.ch/lib/contrib/CMake/3.3.2/Linux-x86_64/bin/cmake -E cmake_link_script CMakeFiles/cmTC_66243.dir/link.txt --verbose=1
/afs/cern.ch/sw/lcg/external/gcc/4.9/x86_64-slc6/bin/g++        CMakeFiles/cmTC_66243.dir/testCXXCompiler.cxx.o  -o cmTC_66243 -rdynamic 
gmake[1]: Leaving directory `/afs/cern.ch/work/e/eshmanin/FibresCalo/FibresCalo/CMakeFiles/CMakeTmp'


Detecting CXX compiler ABI info compiled with the following output:
Change Dir: /afs/cern.ch/work/e/eshmanin/FibresCalo/FibresCalo/CMakeFiles/CMakeTmp

Run Build Command:"/usr/bin/gmake" "cmTC_ada85/fast"
/usr/bin/gmake -f CMakeFiles/cmTC_ada85.dir/build.make CMakeFiles/cmTC_ada85.dir/build
gmake[1]: Entering directory `/afs/cern.ch/work/e/eshmanin/FibresCalo/FibresCalo/CMakeFiles/CMakeTmp'
Building CXX object CMakeFiles/cmTC_ada85.dir/CMakeCXXCompilerABI.cpp.o
/afs/cern.ch/sw/lcg/external/gcc/4.9/x86_64-slc6/bin/g++     -o CMakeFiles/cmTC_ada85.dir/CMakeCXXCompilerABI.cpp.o -c /cvmfs/lhcb.cern.ch/lib/contrib/CMake/3.3.2/Linux-x86_64/share/cmake-3.3/Modules/CMakeCXXCompilerABI.cpp
Linking CXX executable cmTC_ada85
/cvmfs/lhcb.cern.ch/lib/contrib/CMake/3.3.2/Linux-x86_64/bin/cmake -E cmake_link_script CMakeFiles/cmTC_ada85.dir/link.txt --verbose=1
/afs/cern.ch/sw/lcg/external/gcc/4.9/x86_64-slc6/bin/g++       -v CMakeFiles/cmTC_ada85.dir/CMakeCXXCompilerABI.cpp.o  -o cmTC_ada85 -rdynamic  
Using built-in specs.
COLLECT_GCC=/afs/cern.ch/sw/lcg/external/gcc/4.9/x86_64-slc6/bin/g++
COLLECT_LTO_WRAPPER=/afs/cern.ch/sw/lcg/contrib/gcc/4.9.3/x86_64-slc6/bin/../libexec/gcc/x86_64-unknown-linux-gnu/4.9.3/lto-wrapper
Target: x86_64-unknown-linux-gnu
Configured with: ../gcc-4.9.3/configure --prefix=/build/pmendez-sftnight/install-493/ --with-system-zlib --disable-multilib --enable-languages=all
Thread model: posix
gcc version 4.9.3 (GCC) 
COMPILER_PATH=/afs/cern.ch/sw/lcg/contrib/gcc/4.9.3/x86_64-slc6/bin/../libexec/gcc/x86_64-unknown-linux-gnu/4.9.3/:/afs/cern.ch/sw/lcg/contrib/gcc/4.9.3/x86_64-slc6/bin/../libexec/gcc/:/afs/cern.ch/sw/lcg/external/gcc/4.9/x86_64-slc6/lib/gcc/x86_64-unknown-linux-gnu/4.9.3/
LIBRARY_PATH=/afs/cern.ch/sw/lcg/contrib/gcc/4.9.3/x86_64-slc6/bin/../lib/gcc/x86_64-unknown-linux-gnu/4.9.3/:/afs/cern.ch/sw/lcg/contrib/gcc/4.9.3/x86_64-slc6/bin/../lib/gcc/:/afs/cern.ch/sw/lcg/contrib/gcc/4.9.3/x86_64-slc6/bin/../lib/gcc/x86_64-unknown-linux-gnu/4.9.3/../../../../lib64/:/lib/../lib64/:/usr/lib/../lib64/:/afs/cern.ch/sw/lcg/contrib/gcc/4.9.3/x86_64-slc6/bin/../lib/gcc/x86_64-unknown-linux-gnu/4.9.3/../../../:/lib/:/usr/lib/
COLLECT_GCC_OPTIONS='-v' '-o' 'cmTC_ada85' '-rdynamic' '-shared-libgcc' '-mtune=generic' '-march=x86-64'
 /afs/cern.ch/sw/lcg/contrib/gcc/4.9.3/x86_64-slc6/bin/../libexec/gcc/x86_64-unknown-linux-gnu/4.9.3/collect2 --eh-frame-hdr -m elf_x86_64 -export-dynamic -dynamic-linker /lib64/ld-linux-x86-64.so.2 -o cmTC_ada85 /usr/lib/../lib64/crt1.o /usr/lib/../lib64/crti.o /afs/cern.ch/sw/lcg/contrib/gcc/4.9.3/x86_64-slc6/bin/../lib/gcc/x86_64-unknown-linux-gnu/4.9.3/crtbegin.o -L/afs/cern.ch/sw/lcg/contrib/gcc/4.9.3/x86_64-slc6/bin/../lib/gcc/x86_64-unknown-linux-gnu/4.9.3 -L/afs/cern.ch/sw/lcg/contrib/gcc/4.9.3/x86_64-slc6/bin/../lib/gcc -L/afs/cern.ch/sw/lcg/contrib/gcc/4.9.3/x86_64-slc6/bin/../lib/gcc/x86_64-unknown-linux-gnu/4.9.3/../../../../lib64 -L/lib/../lib64 -L/usr/lib/../lib64 -L/afs/cern.ch/sw/lcg/contrib/gcc/4.9.3/x86_64-slc6/bin/../lib/gcc/x86_64-unknown-linux-gnu/4.9.3/../../.. CMakeFiles/cmTC_ada85.dir/CMakeCXXCompilerABI.cpp.o -lstdc++ -lm -lgcc_s -lgcc -lc -lgcc_s -lgcc /afs/cern.ch/sw/lcg/contrib/gcc/4.9.3/x86_64-slc6/bin/../lib/gcc/x86_64-unknown-linux-gnu/4.9.3/crtend.o /usr/lib/../lib64/crtn.o
gmake[1]: Leaving directory `/afs/cern.ch/work/e/eshmanin/FibresCalo/FibresCalo/CMakeFiles/CMakeTmp'


Parsed CXX implicit link information from above output:
  link line regex: [^( *|.*[/\])(ld|([^/\]+-)?ld|collect2)[^/\]*( |$)]
  ignore line: [Change Dir: /afs/cern.ch/work/e/eshmanin/FibresCalo/FibresCalo/CMakeFiles/CMakeTmp]
  ignore line: []
  ignore line: [Run Build Command:"/usr/bin/gmake" "cmTC_ada85/fast"]
  ignore line: [/usr/bin/gmake -f CMakeFiles/cmTC_ada85.dir/build.make CMakeFiles/cmTC_ada85.dir/build]
  ignore line: [gmake[1]: Entering directory `/afs/cern.ch/work/e/eshmanin/FibresCalo/FibresCalo/CMakeFiles/CMakeTmp']
  ignore line: [Building CXX object CMakeFiles/cmTC_ada85.dir/CMakeCXXCompilerABI.cpp.o]
  ignore line: [/afs/cern.ch/sw/lcg/external/gcc/4.9/x86_64-slc6/bin/g++     -o CMakeFiles/cmTC_ada85.dir/CMakeCXXCompilerABI.cpp.o -c /cvmfs/lhcb.cern.ch/lib/contrib/CMake/3.3.2/Linux-x86_64/share/cmake-3.3/Modules/CMakeCXXCompilerABI.cpp]
  ignore line: [Linking CXX executable cmTC_ada85]
  ignore line: [/cvmfs/lhcb.cern.ch/lib/contrib/CMake/3.3.2/Linux-x86_64/bin/cmake -E cmake_link_script CMakeFiles/cmTC_ada85.dir/link.txt --verbose=1]
  ignore line: [/afs/cern.ch/sw/lcg/external/gcc/4.9/x86_64-slc6/bin/g++       -v CMakeFiles/cmTC_ada85.dir/CMakeCXXCompilerABI.cpp.o  -o cmTC_ada85 -rdynamic  ]
  ignore line: [Using built-in specs.]
  ignore line: [COLLECT_GCC=/afs/cern.ch/sw/lcg/external/gcc/4.9/x86_64-slc6/bin/g++]
  ignore line: [COLLECT_LTO_WRAPPER=/afs/cern.ch/sw/lcg/contrib/gcc/4.9.3/x86_64-slc6/bin/../libexec/gcc/x86_64-unknown-linux-gnu/4.9.3/lto-wrapper]
  ignore line: [Target: x86_64-unknown-linux-gnu]
  ignore line: [Configured with: ../gcc-4.9.3/configure --prefix=/build/pmendez-sftnight/install-493/ --with-system-zlib --disable-multilib --enable-languages=all]
  ignore line: [Thread model: posix]
  ignore line: [gcc version 4.9.3 (GCC) ]
  ignore line: [COMPILER_PATH=/afs/cern.ch/sw/lcg/contrib/gcc/4.9.3/x86_64-slc6/bin/../libexec/gcc/x86_64-unknown-linux-gnu/4.9.3/:/afs/cern.ch/sw/lcg/contrib/gcc/4.9.3/x86_64-slc6/bin/../libexec/gcc/:/afs/cern.ch/sw/lcg/external/gcc/4.9/x86_64-slc6/lib/gcc/x86_64-unknown-linux-gnu/4.9.3/]
  ignore line: [LIBRARY_PATH=/afs/cern.ch/sw/lcg/contrib/gcc/4.9.3/x86_64-slc6/bin/../lib/gcc/x86_64-unknown-linux-gnu/4.9.3/:/afs/cern.ch/sw/lcg/contrib/gcc/4.9.3/x86_64-slc6/bin/../lib/gcc/:/afs/cern.ch/sw/lcg/contrib/gcc/4.9.3/x86_64-slc6/bin/../lib/gcc/x86_64-unknown-linux-gnu/4.9.3/../../../../lib64/:/lib/../lib64/:/usr/lib/../lib64/:/afs/cern.ch/sw/lcg/contrib/gcc/4.9.3/x86_64-slc6/bin/../lib/gcc/x86_64-unknown-linux-gnu/4.9.3/../../../:/lib/:/usr/lib/]
  ignore line: [COLLECT_GCC_OPTIONS='-v' '-o' 'cmTC_ada85' '-rdynamic' '-shared-libgcc' '-mtune=generic' '-march=x86-64']
  link line: [ /afs/cern.ch/sw/lcg/contrib/gcc/4.9.3/x86_64-slc6/bin/../libexec/gcc/x86_64-unknown-linux-gnu/4.9.3/collect2 --eh-frame-hdr -m elf_x86_64 -export-dynamic -dynamic-linker /lib64/ld-linux-x86-64.so.2 -o cmTC_ada85 /usr/lib/../lib64/crt1.o /usr/lib/../lib64/crti.o /afs/cern.ch/sw/lcg/contrib/gcc/4.9.3/x86_64-slc6/bin/../lib/gcc/x86_64-unknown-linux-gnu/4.9.3/crtbegin.o -L/afs/cern.ch/sw/lcg/contrib/gcc/4.9.3/x86_64-slc6/bin/../lib/gcc/x86_64-unknown-linux-gnu/4.9.3 -L/afs/cern.ch/sw/lcg/contrib/gcc/4.9.3/x86_64-slc6/bin/../lib/gcc -L/afs/cern.ch/sw/lcg/contrib/gcc/4.9.3/x86_64-slc6/bin/../lib/gcc/x86_64-unknown-linux-gnu/4.9.3/../../../../lib64 -L/lib/../lib64 -L/usr/lib/../lib64 -L/afs/cern.ch/sw/lcg/contrib/gcc/4.9.3/x86_64-slc6/bin/../lib/gcc/x86_64-unknown-linux-gnu/4.9.3/../../.. CMakeFiles/cmTC_ada85.dir/CMakeCXXCompilerABI.cpp.o -lstdc++ -lm -lgcc_s -lgcc -lc -lgcc_s -lgcc /afs/cern.ch/sw/lcg/contrib/gcc/4.9.3/x86_64-slc6/bin/../lib/gcc/x86_64-unknown-linux-gnu/4.9.3/crtend.o /usr/lib/../lib64/crtn.o]
    arg [/afs/cern.ch/sw/lcg/contrib/gcc/4.9.3/x86_64-slc6/bin/../libexec/gcc/x86_64-unknown-linux-gnu/4.9.3/collect2] ==> ignore
    arg [--eh-frame-hdr] ==> ignore
    arg [-m] ==> ignore
    arg [elf_x86_64] ==> ignore
    arg [-export-dynamic] ==> ignore
    arg [-dynamic-linker] ==> ignore
    arg [/lib64/ld-linux-x86-64.so.2] ==> ignore
    arg [-o] ==> ignore
    arg [cmTC_ada85] ==> ignore
    arg [/usr/lib/../lib64/crt1.o] ==> ignore
    arg [/usr/lib/../lib64/crti.o] ==> ignore
    arg [/afs/cern.ch/sw/lcg/contrib/gcc/4.9.3/x86_64-slc6/bin/../lib/gcc/x86_64-unknown-linux-gnu/4.9.3/crtbegin.o] ==> ignore
    arg [-L/afs/cern.ch/sw/lcg/contrib/gcc/4.9.3/x86_64-slc6/bin/../lib/gcc/x86_64-unknown-linux-gnu/4.9.3] ==> dir [/afs/cern.ch/sw/lcg/contrib/gcc/4.9.3/x86_64-slc6/bin/../lib/gcc/x86_64-unknown-linux-gnu/4.9.3]
    arg [-L/afs/cern.ch/sw/lcg/contrib/gcc/4.9.3/x86_64-slc6/bin/../lib/gcc] ==> dir [/afs/cern.ch/sw/lcg/contrib/gcc/4.9.3/x86_64-slc6/bin/../lib/gcc]
    arg [-L/afs/cern.ch/sw/lcg/contrib/gcc/4.9.3/x86_64-slc6/bin/../lib/gcc/x86_64-unknown-linux-gnu/4.9.3/../../../../lib64] ==> dir [/afs/cern.ch/sw/lcg/contrib/gcc/4.9.3/x86_64-slc6/bin/../lib/gcc/x86_64-unknown-linux-gnu/4.9.3/../../../../lib64]
    arg [-L/lib/../lib64] ==> dir [/lib/../lib64]
    arg [-L/usr/lib/../lib64] ==> dir [/usr/lib/../lib64]
    arg [-L/afs/cern.ch/sw/lcg/contrib/gcc/4.9.3/x86_64-slc6/bin/../lib/gcc/x86_64-unknown-linux-gnu/4.9.3/../../..] ==> dir [/afs/cern.ch/sw/lcg/contrib/gcc/4.9.3/x86_64-slc6/bin/../lib/gcc/x86_64-unknown-linux-gnu/4.9.3/../../..]
    arg [CMakeFiles/cmTC_ada85.dir/CMakeCXXCompilerABI.cpp.o] ==> ignore
    arg [-lstdc++] ==> lib [stdc++]
    arg [-lm] ==> lib [m]
    arg [-lgcc_s] ==> lib [gcc_s]
    arg [-lgcc] ==> lib [gcc]
    arg [-lc] ==> lib [c]
    arg [-lgcc_s] ==> lib [gcc_s]
    arg [-lgcc] ==> lib [gcc]
    arg [/afs/cern.ch/sw/lcg/contrib/gcc/4.9.3/x86_64-slc6/bin/../lib/gcc/x86_64-unknown-linux-gnu/4.9.3/crtend.o] ==> ignore
    arg [/usr/lib/../lib64/crtn.o] ==> ignore
  remove lib [gcc_s]
  remove lib [gcc]
  remove lib [gcc_s]
  remove lib [gcc]
  collapse library dir [/afs/cern.ch/sw/lcg/contrib/gcc/4.9.3/x86_64-slc6/bin/../lib/gcc/x86_64-unknown-linux-gnu/4.9.3] ==> [/afs/cern.ch/sw/lcg/contrib/gcc/4.9.3/x86_64-slc6/lib/gcc/x86_64-unknown-linux-gnu/4.9.3]
  collapse library dir [/afs/cern.ch/sw/lcg/contrib/gcc/4.9.3/x86_64-slc6/bin/../lib/gcc] ==> [/afs/cern.ch/sw/lcg/contrib/gcc/4.9.3/x86_64-slc6/lib/gcc]
  collapse library dir [/afs/cern.ch/sw/lcg/contrib/gcc/4.9.3/x86_64-slc6/bin/../lib/gcc/x86_64-unknown-linux-gnu/4.9.3/../../../../lib64] ==> [/afs/cern.ch/sw/lcg/contrib/gcc/4.9.3/x86_64-slc6/lib64]
  collapse library dir [/lib/../lib64] ==> [/lib64]
  collapse library dir [/usr/lib/../lib64] ==> [/usr/lib64]
  collapse library dir [/afs/cern.ch/sw/lcg/contrib/gcc/4.9.3/x86_64-slc6/bin/../lib/gcc/x86_64-unknown-linux-gnu/4.9.3/../../..] ==> [/afs/cern.ch/sw/lcg/contrib/gcc/4.9.3/x86_64-slc6/lib]
  implicit libs: [stdc++;m;c]
  implicit dirs: [/afs/cern.ch/sw/lcg/contrib/gcc/4.9.3/x86_64-slc6/lib/gcc/x86_64-unknown-linux-gnu/4.9.3;/afs/cern.ch/sw/lcg/contrib/gcc/4.9.3/x86_64-slc6/lib/gcc;/afs/cern.ch/sw/lcg/contrib/gcc/4.9.3/x86_64-slc6/lib64;/lib64;/usr/lib64;/afs/cern.ch/sw/lcg/contrib/gcc/4.9.3/x86_64-slc6/lib]
  implicit fwks: []




Detecting CXX [-std=c++14] compiler features compiled with the following output:
Change Dir: /afs/cern.ch/work/e/eshmanin/FibresCalo/FibresCalo/CMakeFiles/CMakeTmp

Run Build Command:"/usr/bin/gmake" "cmTC_1f47b/fast"
/usr/bin/gmake -f CMakeFiles/cmTC_1f47b.dir/build.make CMakeFiles/cmTC_1f47b.dir/build
gmake[1]: Entering directory `/afs/cern.ch/work/e/eshmanin/FibresCalo/FibresCalo/CMakeFiles/CMakeTmp'
Building CXX object CMakeFiles/cmTC_1f47b.dir/feature_tests.cxx.o
/afs/cern.ch/sw/lcg/external/gcc/4.9/x86_64-slc6/bin/g++    -std=c++14 -o CMakeFiles/cmTC_1f47b.dir/feature_tests.cxx.o -c /afs/cern.ch/work/e/eshmanin/FibresCalo/FibresCalo/CMakeFiles/feature_tests.cxx
Linking CXX executable cmTC_1f47b
/cvmfs/lhcb.cern.ch/lib/contrib/CMake/3.3.2/Linux-x86_64/bin/cmake -E cmake_link_script CMakeFiles/cmTC_1f47b.dir/link.txt --verbose=1
/afs/cern.ch/sw/lcg/external/gcc/4.9/x86_64-slc6/bin/g++        CMakeFiles/cmTC_1f47b.dir/feature_tests.cxx.o  -o cmTC_1f47b -rdynamic 
gmake[1]: Leaving directory `/afs/cern.ch/work/e/eshmanin/FibresCalo/FibresCalo/CMakeFiles/CMakeTmp'


    Feature record: CXX_FEATURE:0cxx_aggregate_default_initializers
    Feature record: CXX_FEATURE:1cxx_alias_templates
    Feature record: CXX_FEATURE:1cxx_alignas
    Feature record: CXX_FEATURE:1cxx_alignof
    Feature record: CXX_FEATURE:1cxx_attributes
    Feature record: CXX_FEATURE:1cxx_attribute_deprecated
    Feature record: CXX_FEATURE:1cxx_auto_type
    Feature record: CXX_FEATURE:1cxx_binary_literals
    Feature record: CXX_FEATURE:1cxx_constexpr
    Feature record: CXX_FEATURE:1cxx_contextual_conversions
    Feature record: CXX_FEATURE:1cxx_decltype
    Feature record: CXX_FEATURE:1cxx_decltype_auto
    Feature record: CXX_FEATURE:1cxx_decltype_incomplete_return_types
    Feature record: CXX_FEATURE:1cxx_default_function_template_args
    Feature record: CXX_FEATURE:1cxx_defaulted_functions
    Feature record: CXX_FEATURE:1cxx_defaulted_move_initializers
    Feature record: CXX_FEATURE:1cxx_delegating_constructors
    Feature record: CXX_FEATURE:1cxx_deleted_functions
    Feature record: CXX_FEATURE:1cxx_digit_separators
    Feature record: CXX_FEATURE:1cxx_enum_forward_declarations
    Feature record: CXX_FEATURE:1cxx_explicit_conversions
    Feature record: CXX_FEATURE:1cxx_extended_friend_declarations
    Feature record: CXX_FEATURE:1cxx_extern_templates
    Feature record: CXX_FEATURE:1cxx_final
    Feature record: CXX_FEATURE:1cxx_func_identifier
    Feature record: CXX_FEATURE:1cxx_generalized_initializers
    Feature record: CXX_FEATURE:1cxx_generic_lambdas
    Feature record: CXX_FEATURE:1cxx_inheriting_constructors
    Feature record: CXX_FEATURE:1cxx_inline_namespaces
    Feature record: CXX_FEATURE:1cxx_lambdas
    Feature record: CXX_FEATURE:1cxx_lambda_init_captures
    Feature record: CXX_FEATURE:1cxx_local_type_template_args
    Feature record: CXX_FEATURE:1cxx_long_long_type
    Feature record: CXX_FEATURE:1cxx_noexcept
    Feature record: CXX_FEATURE:1cxx_nonstatic_member_init
    Feature record: CXX_FEATURE:1cxx_nullptr
    Feature record: CXX_FEATURE:1cxx_override
    Feature record: CXX_FEATURE:1cxx_range_for
    Feature record: CXX_FEATURE:1cxx_raw_string_literals
    Feature record: CXX_FEATURE:1cxx_reference_qualified_functions
    Feature record: CXX_FEATURE:0cxx_relaxed_constexpr
    Feature record: CXX_FEATURE:1cxx_return_type_deduction
    Feature record: CXX_FEATURE:1cxx_right_angle_brackets
    Feature record: CXX_FEATURE:1cxx_rvalue_references
    Feature record: CXX_FEATURE:1cxx_sizeof_member
    Feature record: CXX_FEATURE:1cxx_static_assert
    Feature record: CXX_FEATURE:1cxx_strong_enums
    Feature record: CXX_FEATURE:1cxx_template_template_parameters
    Feature record: CXX_FEATURE:1cxx_thread_local
    Feature record: CXX_FEATURE:1cxx_trailing_return_types
    Feature record: CXX_FEATURE:1cxx_unicode_literals
    Feature record: CXX_FEATURE:1cxx_uniform_initialization
    Feature record: CXX_FEATURE:1cxx_unrestricted_unions
    Feature record: CXX_FEATURE:1cxx_user_literals
    Feature record: CXX_FEATURE:0cxx_variable_templates
    Feature record: CXX_FEATURE:1cxx_variadic_macros
    Feature record: CXX_FEATURE:1cxx_variadic_templates


Detecting CXX [-std=c++11] compiler features compiled with the following output:
Change Dir: /afs/cern.ch/work/e/eshmanin/FibresCalo/FibresCalo/CMakeFiles/CMakeTmp

Run Build Command:"/usr/bin/gmake" "cmTC_6435b/fast"
/usr/bin/gmake -f CMakeFiles/cmTC_6435b.dir/build.make CMakeFiles/cmTC_6435b.dir/build
gmake[1]: Entering directory `/afs/cern.ch/work/e/eshmanin/FibresCalo/FibresCalo/CMakeFiles/CMakeTmp'
Building CXX object CMakeFiles/cmTC_6435b.dir/feature_tests.cxx.o
/afs/cern.ch/sw/lcg/external/gcc/4.9/x86_64-slc6/bin/g++    -std=c++11 -o CMakeFiles/cmTC_6435b.dir/feature_tests.cxx.o -c /afs/cern.ch/work/e/eshmanin/FibresCalo/FibresCalo/CMakeFiles/feature_tests.cxx
Linking CXX executable cmTC_6435b
/cvmfs/lhcb.cern.ch/lib/contrib/CMake/3.3.2/Linux-x86_64/bin/cmake -E cmake_link_script CMakeFiles/cmTC_6435b.dir/link.txt --verbose=1
/afs/cern.ch/sw/lcg/external/gcc/4.9/x86_64-slc6/bin/g++        CMakeFiles/cmTC_6435b.dir/feature_tests.cxx.o  -o cmTC_6435b -rdynamic 
gmake[1]: Leaving directory `/afs/cern.ch/work/e/eshmanin/FibresCalo/FibresCalo/CMakeFiles/CMakeTmp'


    Feature record: CXX_FEATURE:0cxx_aggregate_default_initializers
    Feature record: CXX_FEATURE:1cxx_alias_templates
    Feature record: CXX_FEATURE:1cxx_alignas
    Feature record: CXX_FEATURE:1cxx_alignof
    Feature record: CXX_FEATURE:1cxx_attributes
    Feature record: CXX_FEATURE:0cxx_attribute_deprecated
    Feature record: CXX_FEATURE:1cxx_auto_type
    Feature record: CXX_FEATURE:0cxx_binary_literals
    Feature record: CXX_FEATURE:1cxx_constexpr
    Feature record: CXX_FEATURE:0cxx_contextual_conversions
    Feature record: CXX_FEATURE:1cxx_decltype
    Feature record: CXX_FEATURE:0cxx_decltype_auto
    Feature record: CXX_FEATURE:1cxx_decltype_incomplete_return_types
    Feature record: CXX_FEATURE:1cxx_default_function_template_args
    Feature record: CXX_FEATURE:1cxx_defaulted_functions
    Feature record: CXX_FEATURE:1cxx_defaulted_move_initializers
    Feature record: CXX_FEATURE:1cxx_delegating_constructors
    Feature record: CXX_FEATURE:1cxx_deleted_functions
    Feature record: CXX_FEATURE:0cxx_digit_separators
    Feature record: CXX_FEATURE:1cxx_enum_forward_declarations
    Feature record: CXX_FEATURE:1cxx_explicit_conversions
    Feature record: CXX_FEATURE:1cxx_extended_friend_declarations
    Feature record: CXX_FEATURE:1cxx_extern_templates
    Feature record: CXX_FEATURE:1cxx_final
    Feature record: CXX_FEATURE:1cxx_func_identifier
    Feature record: CXX_FEATURE:1cxx_generalized_initializers
    Feature record: CXX_FEATURE:0cxx_generic_lambdas
    Feature record: CXX_FEATURE:1cxx_inheriting_constructors
    Feature record: CXX_FEATURE:1cxx_inline_namespaces
    Feature record: CXX_FEATURE:1cxx_lambdas
    Feature record: CXX_FEATURE:0cxx_lambda_init_captures
    Feature record: CXX_FEATURE:1cxx_local_type_template_args
    Feature record: CXX_FEATURE:1cxx_long_long_type
    Feature record: CXX_FEATURE:1cxx_noexcept
    Feature record: CXX_FEATURE:1cxx_nonstatic_member_init
    Feature record: CXX_FEATURE:1cxx_nullptr
    Feature record: CXX_FEATURE:1cxx_override
    Feature record: CXX_FEATURE:1cxx_range_for
    Feature record: CXX_FEATURE:1cxx_raw_string_literals
    Feature record: CXX_FEATURE:1cxx_reference_qualified_functions
    Feature record: CXX_FEATURE:0cxx_relaxed_constexpr
    Feature record: CXX_FEATURE:0cxx_return_type_deduction
    Feature record: CXX_FEATURE:1cxx_right_angle_brackets
    Feature record: CXX_FEATURE:1cxx_rvalue_references
    Feature record: CXX_FEATURE:1cxx_sizeof_member
    Feature record: CXX_FEATURE:1cxx_static_assert
    Feature record: CXX_FEATURE:1cxx_strong_enums
    Feature record: CXX_FEATURE:1cxx_template_template_parameters
    Feature record: CXX_FEATURE:1cxx_thread_local
    Feature record: CXX_FEATURE:1cxx_trailing_return_types
    Feature record: CXX_FEATURE:1cxx_unicode_literals
    Feature record: CXX_FEATURE:1cxx_uniform_initialization
    Feature record: CXX_FEATURE:1cxx_unrestricted_unions
    Feature record: CXX_FEATURE:1cxx_user_literals
    Feature record: CXX_FEATURE:0cxx_variable_templates
    Feature record: CXX_FEATURE:1cxx_variadic_macros
    Feature record: CXX_FEATURE:1cxx_variadic_templates


Detecting CXX [-std=c++98] compiler features compiled with the following output:
Change Dir: /afs/cern.ch/work/e/eshmanin/FibresCalo/FibresCalo/CMakeFiles/CMakeTmp

Run Build Command:"/usr/bin/gmake" "cmTC_29aac/fast"
/usr/bin/gmake -f CMakeFiles/cmTC_29aac.dir/build.make CMakeFiles/cmTC_29aac.dir/build
gmake[1]: Entering directory `/afs/cern.ch/work/e/eshmanin/FibresCalo/FibresCalo/CMakeFiles/CMakeTmp'
Building CXX object CMakeFiles/cmTC_29aac.dir/feature_tests.cxx.o
/afs/cern.ch/sw/lcg/external/gcc/4.9/x86_64-slc6/bin/g++    -std=c++98 -o CMakeFiles/cmTC_29aac.dir/feature_tests.cxx.o -c /afs/cern.ch/work/e/eshmanin/FibresCalo/FibresCalo/CMakeFiles/feature_tests.cxx
Linking CXX executable cmTC_29aac
/cvmfs/lhcb.cern.ch/lib/contrib/CMake/3.3.2/Linux-x86_64/bin/cmake -E cmake_link_script CMakeFiles/cmTC_29aac.dir/link.txt --verbose=1
/afs/cern.ch/sw/lcg/external/gcc/4.9/x86_64-slc6/bin/g++        CMakeFiles/cmTC_29aac.dir/feature_tests.cxx.o  -o cmTC_29aac -rdynamic 
gmake[1]: Leaving directory `/afs/cern.ch/work/e/eshmanin/FibresCalo/FibresCalo/CMakeFiles/CMakeTmp'


    Feature record: CXX_FEATURE:0cxx_aggregate_default_initializers
    Feature record: CXX_FEATURE:0cxx_alias_templates
    Feature record: CXX_FEATURE:0cxx_alignas
    Feature record: CXX_FEATURE:0cxx_alignof
    Feature record: CXX_FEATURE:0cxx_attributes
    Feature record: CXX_FEATURE:0cxx_attribute_deprecated
    Feature record: CXX_FEATURE:0cxx_auto_type
    Feature record: CXX_FEATURE:0cxx_binary_literals
    Feature record: CXX_FEATURE:0cxx_constexpr
    Feature record: CXX_FEATURE:0cxx_contextual_conversions
    Feature record: CXX_FEATURE:0cxx_decltype
    Feature record: CXX_FEATURE:0cxx_decltype_auto
    Feature record: CXX_FEATURE:0cxx_decltype_incomplete_return_types
    Feature record: CXX_FEATURE:0cxx_default_function_template_args
    Feature record: CXX_FEATURE:0cxx_defaulted_functions
    Feature record: CXX_FEATURE:0cxx_defaulted_move_initializers
    Feature record: CXX_FEATURE:0cxx_delegating_constructors
    Feature record: CXX_FEATURE:0cxx_deleted_functions
    Feature record: CXX_FEATURE:0cxx_digit_separators
    Feature record: CXX_FEATURE:0cxx_enum_forward_declarations
    Feature record: CXX_FEATURE:0cxx_explicit_conversions
    Feature record: CXX_FEATURE:0cxx_extended_friend_declarations
    Feature record: CXX_FEATURE:0cxx_extern_templates
    Feature record: CXX_FEATURE:0cxx_final
    Feature record: CXX_FEATURE:0cxx_func_identifier
    Feature record: CXX_FEATURE:0cxx_generalized_initializers
    Feature record: CXX_FEATURE:0cxx_generic_lambdas
    Feature record: CXX_FEATURE:0cxx_inheriting_constructors
    Feature record: CXX_FEATURE:0cxx_inline_namespaces
    Feature record: CXX_FEATURE:0cxx_lambdas
    Feature record: CXX_FEATURE:0cxx_lambda_init_captures
    Feature record: CXX_FEATURE:0cxx_local_type_template_args
    Feature record: CXX_FEATURE:0cxx_long_long_type
    Feature record: CXX_FEATURE:0cxx_noexcept
    Feature record: CXX_FEATURE:0cxx_nonstatic_member_init
    Feature record: CXX_FEATURE:0cxx_nullptr
    Feature record: CXX_FEATURE:0cxx_override
    Feature record: CXX_FEATURE:0cxx_range_for
    Feature record: CXX_FEATURE:0cxx_raw_string_literals
    Feature record: CXX_FEATURE:0cxx_reference_qualified_functions
    Feature record: CXX_FEATURE:0cxx_relaxed_constexpr
    Feature record: CXX_FEATURE:0cxx_return_type_deduction
    Feature record: CXX_FEATURE:0cxx_right_angle_brackets
    Feature record: CXX_FEATURE:0cxx_rvalue_references
    Feature record: CXX_FEATURE:0cxx_sizeof_member
    Feature record: CXX_FEATURE:0cxx_static_assert
    Feature record: CXX_FEATURE:0cxx_strong_enums
    Feature record: CXX_FEATURE:1cxx_template_template_parameters
    Feature record: CXX_FEATURE:0cxx_thread_local
    Feature record: CXX_FEATURE:0cxx_trailing_return_types
    Feature record: CXX_FEATURE:0cxx_unicode_literals
    Feature record: CXX_FEATURE:0cxx_uniform_initialization
    Feature record: CXX_FEATURE:0cxx_unrestricted_unions
    Feature record: CXX_FEATURE:0cxx_user_literals
    Feature record: CXX_FEATURE:0cxx_variable_templates
    Feature record: CXX_FEATURE:0cxx_variadic_macros
    Feature record: CXX_FEATURE:0cxx_variadic_templates
